0 info it worked if it ends with ok
1 verbose cli [ 'C:\\Program Files\\nodejs\\node.exe',
1 verbose cli   'C:\\Program Files\\nodejs\\node_modules\\npm\\bin\\npm-cli.js',
1 verbose cli   'run',
1 verbose cli   'sass' ]
2 info using npm@3.10.10
3 info using node@v6.17.1
4 verbose run-script [ 'presass', 'sass', 'postsass' ]
5 info lifecycle crminbox@1.0.0~presass: crminbox@1.0.0
6 silly lifecycle crminbox@1.0.0~presass: no script for presass, continuing
7 info lifecycle crminbox@1.0.0~sass: crminbox@1.0.0
8 verbose lifecycle crminbox@1.0.0~sass: unsafe-perm in lifecycle true
9 verbose lifecycle crminbox@1.0.0~sass: PATH: C:\Program Files\nodejs\node_modules\npm\bin\node-gyp-bin;C:\Users\Sabir Nawaz\Desktop\crm-inbox\node_modules\.bin;C:\Windows\system32;C:\Windows;C:\Windows\System32\Wbem;C:\Windows\System32\WindowsPowerShell\v1.0\;C:\Windows\System32\OpenSSH\;C:\Program Files\nodejs\;C:\Users\Sabir Nawaz\AppData\Local\Microsoft\WindowsApps;;C:\Users\Sabir Nawaz\AppData\Local\Programs\Microsoft VS Code\bin;C:\Users\Sabir Nawaz\AppData\Roaming\npm
10 verbose lifecycle crminbox@1.0.0~sass: CWD: C:\Users\Sabir Nawaz\Desktop\crm-inbox
11 silly lifecycle crminbox@1.0.0~sass: Args: [ '/d /s /c', 'node-sass sass/main.scss css/style.css -w' ]
12 silly lifecycle crminbox@1.0.0~sass: Returned: code: 3221225786  signal: null
13 info lifecycle crminbox@1.0.0~sass: Failed to exec sass script
14 verbose stack Error: crminbox@1.0.0 sass: `node-sass sass/main.scss css/style.css -w`
14 verbose stack Exit status 3221225786
14 verbose stack     at EventEmitter.<anonymous> (C:\Program Files\nodejs\node_modules\npm\lib\utils\lifecycle.js:255:16)
14 verbose stack     at emitTwo (events.js:106:13)
14 verbose stack     at EventEmitter.emit (events.js:191:7)
14 verbose stack     at ChildProcess.<anonymous> (C:\Program Files\nodejs\node_modules\npm\lib\utils\spawn.js:40:14)
14 verbose stack     at emitTwo (events.js:106:13)
14 verbose stack     at ChildProcess.emit (events.js:191:7)
14 verbose stack     at maybeClose (internal/child_process.js:920:16)
14 verbose stack     at Process.ChildProcess._handle.onexit (internal/child_process.js:230:5)
15 verbose pkgid crminbox@1.0.0
16 verbose cwd C:\Users\Sabir Nawaz\Desktop\crm-inbox\sass
17 error Windows_NT 10.0.18363
18 error argv "C:\\Program Files\\nodejs\\node.exe" "C:\\Program Files\\nodejs\\node_modules\\npm\\bin\\npm-cli.js" "run" "sass"
19 error node v6.17.1
20 error npm  v3.10.10
21 error code ELIFECYCLE
22 error crminbox@1.0.0 sass: `node-sass sass/main.scss css/style.css -w`
22 error Exit status 3221225786
23 error Failed at the crminbox@1.0.0 sass script 'node-sass sass/main.scss css/style.css -w'.
23 error Make sure you have the latest version of node.js and npm installed.
23 error If you do, this is most likely a problem with the crminbox package,
23 error not with npm itself.
23 error Tell the author that this fails on your system:
23 error     node-sass sass/main.scss css/style.css -w
23 error You can get information on how to open an issue for this project with:
23 error     npm bugs crminbox
23 error Or if that isn't available, you can get their info via:
23 error     npm owner ls crminbox
23 error There is likely additional logging output above.
24 verbose exit [ 1, true ]
